2018-01-20T22:47:41.217Z GET /
2018-01-20T22:47:41.566Z GET /favicon.ico
2018-01-20T22:49:03.582Z GET /
2018-01-27T22:39:34.331Z GET /
2018-01-27T22:40:18.071Z GET /
2018-01-27T22:40:51.838Z GET /
2018-01-27T22:46:23.741Z GET /startupnewsit/950479222723653632
2018-01-27T22:47:34.283Z GET /startupnewsit/950479222723653632
2018-01-27T22:53:33.326Z GET /startupnewsit/950479222723653632
2018-01-28T00:26:21.665Z GET /startupnewsit/950479222723653632
2018-01-28T02:03:38.886Z GET /
2018-01-28T02:04:13.775Z GET /startupnewsit/950479222723653632
2018-01-28T02:38:07.646Z GET /startupnewsit/950479222723653632
2018-01-28T02:38:32.786Z GET /startupnewsit/950479222723653632/0x00807489E93f5c6dabBD12328f686db7a31a1157
2018-01-28T02:38:33.019Z ERROR Error: Invalid signature v value
2018-01-28T02:39:14.798Z GET /startupnewsit/950479222723653632/0x00807489E93f5c6dabBD12328f686db7a31a1157
2018-01-28T02:39:15.027Z ERROR Error: Invalid signature v value
2018-01-28T02:39:23.143Z GET /startupnewsit/950479222723653632/0x00807489E93f5c6dabBD12328f686db7a31a1157
2018-01-28T02:39:23.337Z ERROR Error: Invalid signature v value
2018-01-28T02:40:58.512Z GET /startupnewsit/950479222723653632/0x00807489E93f5c6dabBD12328f686db7a31a1157
2018-01-28T02:40:58.804Z ERROR Error: Invalid signature v value
2018-01-28T02:41:21.178Z GET /startupnewsit/950479222723653632/0x00807489E93f5c6dabBD12328f686db7a31a1157
2018-01-28T02:41:21.502Z ERROR Error: Invalid signature v value
2018-01-28T02:44:42.946Z GET /startupnewsit/950479222723653632/0x00807489E93f5c6dabBD12328f686db7a31a1157
2018-01-28T02:45:09.973Z GET /startupnewsit/950479222723653632/0x00807489E93f5c6dabBD12328f686db7a31a1157
2018-01-28T02:45:37.705Z GET /startupnewsit/950479222723653632/0x00807489E93f5c6dabBD12328f686db7a31a1157
2018-01-28T02:55:38.092Z GET /startupnewsit/957446741460115456/0x8cefe6faeff2ada26d8b5ad332e24b8571eccc7a
2018-01-28T02:56:02.615Z GET /startupnewsit/957446741460115456/0x9f09B0A26f8cF670a8976D54753642E1d96858D2
2018-01-28T03:08:12.784Z GET /startupnewsit/950479222723653632/0x8cefe6faeff2ada26d8b5ad332e24b8571eccc7a
2018-01-28T03:08:13.073Z ERROR ReferenceError: msg is not defined
2018-01-28T03:09:04.807Z GET /startupnewsit/950479222723653632/0x8cefe6faeff2ada26d8b5ad332e24b8571eccc7a
2018-01-28T03:09:22.794Z GET /startupnewsit/957446741460115456/0x8cefe6faeff2ada26d8b5ad332e24b8571eccc7a
2018-01-28T04:25:04.371Z GET /startupnewsit/950479222723653632/0x185f86b29bce5b40e54600959c710f1314fa5f45
2018-01-28T04:25:04.624Z ERROR TypeError: res.json is not a function
2018-01-28T04:25:04.624Z Error.
2018-01-28T04:27:04.395Z GET /startupnewsit/950479222723653632/0x185f86b29bce5b40e54600959c710f1314fa5f45
2018-01-28T04:27:04.659Z ERROR TypeError: res.json is not a function
2018-01-28T04:27:04.659Z Error.
2018-01-28T04:28:48.321Z GET /startupnewsit/950479222723653632/0x185f86b29bce5b40e54600959c710f1314fa5f45
2018-01-28T04:28:48.547Z undefined
2018-01-28T04:28:57.504Z GET /startupnewsit/950479222723653632/0x185f86b29bce5b40e54600959c710f1314fa5f45
2018-01-28T04:28:57.704Z undefined
2018-01-28T04:29:02.804Z Error.
